<?xml version="1.0" encoding="UTF-8"?>
<!-- Generated by org.testng.reporters.JUnitReportReporter -->
<testsuite hostname="DESKTOP-1JA1C1D" failures="0" tests="1" name="aaa.B" time="6.569" errors="0" timestamp="2023-12-07T09:26:57 IST" skipped="0">
  <testcase classname="aaa.B" name="befcls" time="6.569"/>
  <system-out/>
</testsuite> <!-- aaa.B -->
