<?xml version="1.0" encoding="UTF-8"?>
<!-- Generated by org.testng.reporters.JUnitReportReporter -->
<testsuite hostname="DESKTOP-1JA1C1D" failures="0" tests="3" name="aaa.C" time="7.075" errors="0" timestamp="2023-12-07T09:26:57 IST" skipped="0">
  <testcase classname="aaa.C" name="t2" time="2.831"/>
  <system-out/>
  <testcase classname="aaa.C" name="t1" time="2.614"/>
  <system-out/>
  <testcase classname="aaa.C" name="t3" time="1.630"/>
  <system-out/>
</testsuite> <!-- aaa.C -->
